<?xml version="1.0" encoding="UTF-8"?>
<!-- Generated by org.testng.reporters.JUnitXMLReporter -->
<testsuite ignored="0" hostname="DESKTOP-FBE7IIT" failures="0" tests="7" name="Default test" time="0.15" errors="0" timestamp="2024-01-02T07:40:38 IST">
  <testcase classname="testNG_discussion.PriorityKeyword" name="register" time="0.013"/>
  <testcase classname="testNG_discussion.PriorityKeyword" name="logIn" time="0.003"/>
  <testcase classname="testNG_discussion.PriorityKeyword" name="homePage" time="0.004"/>
  <testcase classname="testNG_discussion.PriorityKeyword" name="searchProduct" time="0.005"/>
  <testcase classname="testNG_discussion.PriorityKeyword" name="addToCart" time="0.003">
    <skipped/>
  </testcase> <!-- addToCart -->
  <testcase classname="testNG_discussion.PriorityKeyword" name="checkout" time="0.003"/>
  <testcase classname="testNG_discussion.PriorityKeyword" name="logOut" time="0.002"/>
</testsuite> <!-- Default test -->
