<?xml version="1.0" encoding="UTF-8"?>
<!-- Generated by org.testng.reporters.JUnitXMLReporter -->
<testsuite ignored="0" hostname="DESKTOP-FBE7IIT" failures="1" tests="4" name="Test" time="0.387" errors="0" timestamp="2024-01-24T08:35:21 IST">
  <testcase classname="testNG_discussion.ListenerDemo1" name="signIn" time="0.033">
    <failure type="java.lang.AssertionError" message="null">
      <![CDATA[java.lang.AssertionError: null
at testNG_discussion.ListenerDemo1.signIn(ListenerDemo1.java:11)
at java.base/java.util.ArrayList.forEach(ArrayList.java:1511)
... Removed 29 stack frames]]>
    </failure>
  </testcase> <!-- signIn -->
  <testcase classname="testNG_discussion.ListenerDemo1" name="homePage" time="0.005"/>
  <testcase classname="testNG_discussion.ListenerDemo1" name="profile" time="0.0">
    <skipped/>
  </testcase> <!-- profile -->
  <testcase classname="testNG_discussion.ListenerDemo1" name="signOut" time="0.035"/>
</testsuite> <!-- Test -->
